Arguments: 
  /home/aditya/.nvm/versions/node/v10.3.0/bin/node /home/aditya/.nvm/versions/node/v10.3.0/bin/yarn init

PATH: 
  /home/aditya/.nvm/versions/node/v10.3.0/bin:/home/aditya/.npm-global/bin:/home/aditya/bin:/usr/local/bin:/sbin:/usr/sbin:/home/aditya/.npm-global/bin:/home/aditya/bin:/usr/local/bin:/sbin:/usr/sbin:/home/aditya/.local/bin:/usr/local/sbin:/usr/local/bin:/usr/sbin:/usr/bin:/sbin:/bin:/usr/games:/usr/local/games:/snap/bin

Yarn version: 
  1.7.0

Node version: 
  10.3.0

Platform: 
  linux x64

Trace: 
  Error: canceled
      at Interface.<anonymous> (/home/aditya/.nvm/versions/node/v10.3.0/lib/node_modules/yarn/lib/cli.js:131036:13)
      at Interface.emit (events.js:182:13)
      at Interface._ttyWrite (readline.js:783:16)
      at ReadStream.onkeypress (readline.js:168:10)
      at ReadStream.emit (events.js:182:13)
      at emitKeys (internal/readline.js:422:14)
      at emitKeys.next (<anonymous>)
      at ReadStream.onData (readline.js:1022:36)
      at ReadStream.emit (events.js:182:13)
      at addChunk (_stream_readable.js:279:12)

npm manifest: 
  No manifest

yarn manifest: 
  No manifest

Lockfile: 
  No lockfile
